x64\debug\kernel.cu.obj
c:\users\wenzhi\source\repos\cudaruntime1\x64\debug\practicalcuda.ilk
c:\users\wenzhi\source\repos\cudaruntime1\x64\debug\practicalcuda.exe
c:\users\wenzhi\source\repos\cudaruntime1\x64\debug\practicalcuda.pdb
c:\users\wenzhi\source\repos\cudaruntime1\x64\debug\practicalcuda.lib
c:\users\wenzhi\source\repos\cudaruntime1\x64\debug\practicalcuda.exp
c:\users\wenzhi\source\repos\cudaruntime1\x64\debug\kernel.cu.cache
c:\users\wenzhi\source\repos\cudaruntime1\x64\debug\kernel.cu.obj
c:\users\wenzhi\source\repos\cudaruntime1\x64\debug\vecadd.obj
c:\users\wenzhi\source\repos\cudaruntime1\x64\debug\cudaruntime1.ilk
c:\users\wenzhi\source\repos\cudaruntime1\x64\debug\cudaruntime1.exp
c:\users\wenzhi\source\repos\cudaruntime1\x64\debug\vc142.idb
c:\users\wenzhi\source\repos\cudaruntime1\x64\debug\cudaruntime1.pdb
c:\users\wenzhi\source\repos\cudaruntime1\x64\debug\vc142.pdb
c:\users\wenzhi\source\repos\cudaruntime1\x64\debug\practicalcuda.tlog\cudacompile.read.1u.tlog
c:\users\wenzhi\source\repos\cudaruntime1\x64\debug\practicalcuda.tlog\cudacompile.write.1u.tlog
c:\users\wenzhi\source\repos\cudaruntime1\x64\debug\practicalcuda.tlog\link.command.1.tlog
c:\users\wenzhi\source\repos\cudaruntime1\x64\debug\practicalcuda.tlog\link.read.1.tlog
c:\users\wenzhi\source\repos\cudaruntime1\x64\debug\practicalcuda.tlog\link.write.1.tlog
c:\users\wenzhi\source\repos\cudaruntime1\x64\debug\practicalcuda.tlog\practicalcuda.write.1u.tlog
